<?xml version="1.0" encoding="utf-8"?><testsuites><testsuite name="pytest" errors="0" failures="2" skipped="1" tests="4" time="59.883" timestamp="2024-08-04T14:54:19.637170+05:30" hostname="DESKTOP-F2MAVL5"><testcase classname="test_UI.test_login" name="test_login" time="15.890"><failure message="playwright._impl._errors.Error: LocatorAssertions.to_be_hidden: Error: strict mode violation: get_by_role(&quot;button&quot;, name=&quot;Log In&quot;) resolved to 2 elements:&#10;    1) &lt;button tabindex=&quot;-1&quot; class=&quot;jjPduP&quot; data-restore-tabindex=&quot;null&quot;&gt;…&lt;/button&gt; aka locator(&quot;#comp-kqx7obxo1&quot;).get_by_role(&quot;button&quot;, name=&quot;Log In&quot;)&#10;    2) &lt;button aria-disabled=&quot;false&quot; data-testid=&quot;buttonElement&quot; class=&quot;uDW_Qe wixui-button PlZyDq&quot;&gt;…&lt;/button&gt; aka get_by_test_id(&quot;submit&quot;).get_by_test_id(&quot;buttonElement&quot;)&#10;&#10;Call log:&#10;LocatorAssertions.to_be_hidden with timeout 5000ms&#10;  - waiting for get_by_role(&quot;button&quot;, name=&quot;Log In&quot;)">set_up = &lt;Page url='https://symonstorozhenko.wixsite.com/website-1'&gt;

    @pytest.mark.smoke
    def test_login(set_up):
        page =set_up
    
        # it takes sometimes whole page to be loaded and to perform action . So we need to add wait_for_load_state()
        page.wait_for_load_state("networkidle")
    
        page.get_by_role("button", name="Log In").click()
        page.get_by_test_id("signUp.switchToSignUp").click()
        page.get_by_role("button", name="Log in with Email").click()
        page.get_by_test_id("emailAuth").get_by_label("Email").click()
        page.get_by_test_id("emailAuth").get_by_label("Email").fill("thiripura29@gmail.com")
        page.get_by_label("Password").click()
        page.get_by_label("Password").fill("Test@123")
        page.get_by_label("Password").press("Enter")
        page.wait_for_load_state("networkidle")
    
        #Every test should have assertions at the end of it
&gt;       expect(page.get_by_role("button", name="Log In")).to_be_hidden()

test_UI\test_login.py:23: 
_ _ _ _ _ _ _ _ _ _ _ _ _ _ _ _ _ _ _ _ _ _ _ _ _ _ _ _ _ _ _ _ _ _ _ _ _ _ _ _ _ _ _ _ _ _ _ _ _ _ _ _ _ _ _ _ _ _ _ _ _ _ _ _ _ _ _ _ _ _ _ _ _ _ _ _ _ _ _
.venv\Lib\site-packages\playwright\_impl\_locator.py:705: in _expect
    result = await self._frame._channel.send_return_as_dict(
.venv\Lib\site-packages\playwright\_impl\_connection.py:64: in send_return_as_dict
    return await self._connection.wrap_api_call(
_ _ _ _ _ _ _ _ _ _ _ _ _ _ _ _ _ _ _ _ _ _ _ _ _ _ _ _ _ _ _ _ _ _ _ _ _ _ _ _ _ _ _ _ _ _ _ _ _ _ _ _ _ _ _ _ _ _ _ _ _ _ _ _ _ _ _ _ _ _ _ _ _ _ _ _ _ _ _

self = &lt;playwright._impl._connection.Connection object at 0x000001D6DAFD6590&gt;
cb = &lt;function Channel.send_return_as_dict.&lt;locals&gt;.&lt;lambda&gt; at 0x000001D6DAF64180&gt;, is_internal = False

    async def wrap_api_call(
        self, cb: Callable[[], Any], is_internal: bool = False
    ) -&gt; Any:
        if self._api_zone.get():
            return await cb()
        task = asyncio.current_task(self._loop)
        st: List[inspect.FrameInfo] = getattr(task, "__pw_stack__", inspect.stack())
        parsed_st = _extract_stack_trace_information_from_stack(st, is_internal)
        self._api_zone.set(parsed_st)
        try:
            return await cb()
        except Exception as error:
&gt;           raise rewrite_error(error, f"{parsed_st['apiName']}: {error}") from None
E           playwright._impl._errors.Error: LocatorAssertions.to_be_hidden: Error: strict mode violation: get_by_role("button", name="Log In") resolved to 2 elements:
E               1) &lt;button tabindex="-1" class="jjPduP" data-restore-tabindex="null"&gt;…&lt;/button&gt; aka locator("#comp-kqx7obxo1").get_by_role("button", name="Log In")
E               2) &lt;button aria-disabled="false" data-testid="buttonElement" class="uDW_Qe wixui-button PlZyDq"&gt;…&lt;/button&gt; aka get_by_test_id("submit").get_by_test_id("buttonElement")
E           
E           Call log:
E           LocatorAssertions.to_be_hidden with timeout 5000ms
E             - waiting for get_by_role("button", name="Log In")

.venv\Lib\site-packages\playwright\_impl\_connection.py:514: Error</failure></testcase><testcase classname="test_UI.test_login" name="test_login1" time="16.624"><skipped type="pytest.xfail" message="URL Not ready" /></testcase><testcase classname="test_UI.test_login" name="test_login2" time="13.313"><failure message="playwright._impl._errors.Error: LocatorAssertions.to_be_hidden: Error: strict mode violation: get_by_role(&quot;button&quot;, name=&quot;Log In&quot;) resolved to 2 elements:&#10;    1) &lt;button tabindex=&quot;-1&quot; class=&quot;jjPduP&quot; data-restore-tabindex=&quot;null&quot;&gt;…&lt;/button&gt; aka locator(&quot;#comp-kqx7obxo1&quot;).get_by_role(&quot;button&quot;, name=&quot;Log In&quot;)&#10;    2) &lt;button disabled aria-disabled=&quot;true&quot; data-testid=&quot;buttonElement&quot; class=&quot;uDW_Qe wixui-button PlZyDq&quot;&gt;…&lt;/button&gt; aka get_by_test_id(&quot;submit&quot;).get_by_test_id(&quot;buttonElement&quot;)&#10;&#10;Call log:&#10;LocatorAssertions.to_be_hidden with timeout 5000ms&#10;  - waiting for get_by_role(&quot;button&quot;, name=&quot;Log In&quot;)">set_up = &lt;Page url='https://symonstorozhenko.wixsite.com/website-1'&gt;

    @pytest.mark.regression
    def test_login2(set_up):
        page=set_up
        # it takes sometimes whole page to be loaded and to perform action . So we need to add wait_for_load_state()
        page.wait_for_load_state("networkidle")
    
        page.get_by_role("button", name="Log In").click()
        page.get_by_test_id("signUp.switchToSignUp").click()
        page.get_by_role("button", name="Log in with Email").click()
        page.get_by_test_id("emailAuth").get_by_label("Email").click()
        page.get_by_test_id("emailAuth").get_by_label("Email").fill("thiripura29@gmail.com")
        page.get_by_label("Password").click()
        page.get_by_label("Password").fill("Test@1234")
        page.get_by_label("Password").press("Enter")
        page.wait_for_load_state("networkidle")
    
        # Every test should have assertions at the end of it
&gt;       expect(page.get_by_role("button", name="Log In")).to_be_hidden()

test_UI\test_login.py:76: 
_ _ _ _ _ _ _ _ _ _ _ _ _ _ _ _ _ _ _ _ _ _ _ _ _ _ _ _ _ _ _ _ _ _ _ _ _ _ _ _ _ _ _ _ _ _ _ _ _ _ _ _ _ _ _ _ _ _ _ _ _ _ _ _ _ _ _ _ _ _ _ _ _ _ _ _ _ _ _
.venv\Lib\site-packages\playwright\_impl\_locator.py:705: in _expect
    result = await self._frame._channel.send_return_as_dict(
.venv\Lib\site-packages\playwright\_impl\_connection.py:64: in send_return_as_dict
    return await self._connection.wrap_api_call(
_ _ _ _ _ _ _ _ _ _ _ _ _ _ _ _ _ _ _ _ _ _ _ _ _ _ _ _ _ _ _ _ _ _ _ _ _ _ _ _ _ _ _ _ _ _ _ _ _ _ _ _ _ _ _ _ _ _ _ _ _ _ _ _ _ _ _ _ _ _ _ _ _ _ _ _ _ _ _

self = &lt;playwright._impl._connection.Connection object at 0x000001D6DAFD6590&gt;
cb = &lt;function Channel.send_return_as_dict.&lt;locals&gt;.&lt;lambda&gt; at 0x000001D6DB733420&gt;, is_internal = False

    async def wrap_api_call(
        self, cb: Callable[[], Any], is_internal: bool = False
    ) -&gt; Any:
        if self._api_zone.get():
            return await cb()
        task = asyncio.current_task(self._loop)
        st: List[inspect.FrameInfo] = getattr(task, "__pw_stack__", inspect.stack())
        parsed_st = _extract_stack_trace_information_from_stack(st, is_internal)
        self._api_zone.set(parsed_st)
        try:
            return await cb()
        except Exception as error:
&gt;           raise rewrite_error(error, f"{parsed_st['apiName']}: {error}") from None
E           playwright._impl._errors.Error: LocatorAssertions.to_be_hidden: Error: strict mode violation: get_by_role("button", name="Log In") resolved to 2 elements:
E               1) &lt;button tabindex="-1" class="jjPduP" data-restore-tabindex="null"&gt;…&lt;/button&gt; aka locator("#comp-kqx7obxo1").get_by_role("button", name="Log In")
E               2) &lt;button disabled aria-disabled="true" data-testid="buttonElement" class="uDW_Qe wixui-button PlZyDq"&gt;…&lt;/button&gt; aka get_by_test_id("submit").get_by_test_id("buttonElement")
E           
E           Call log:
E           LocatorAssertions.to_be_hidden with timeout 5000ms
E             - waiting for get_by_role("button", name="Log In")

.venv\Lib\site-packages\playwright\_impl\_connection.py:514: Error</failure></testcase><testcase classname="test_UI.test_run" name="test_run" time="13.775" /></testsuite></testsuites>